==========================================
🚀 Agentic build started
📅 Sat Mar 14 10:53:54 GMT 2026
📂 Project: /Users/shovon/workspace/personal/emes3ye
==========================================

------------------------------------------
✅ No more active tasks!
📊 Done:       10 | Backlog:       10

==========================================
🔍 Final build verification...

> emes3ye@0.1.0 build
> next build

  ▲ Next.js 14.2.35

   Creating an optimized production build ...
(node:55450) ExperimentalWarning: CommonJS module /Users/shovon/workspace/personal/emes3ye/node_modules/tailwindcss/lib/lib/load-config.js is loading ES Module /Users/shovon/workspace/personal/emes3ye/tailwind.config.ts using require().
Support for loading ES Module in require() is an experimental feature and might change at any time
(Use `node --trace-warnings ...` to show where the warning was created)
 ✓ Compiled successfully
   Linting and checking validity of types ...
   Collecting page data ...
   Generating static pages (0/15) ...
   Generating static pages (3/15) 
   Generating static pages (7/15) 
   Generating static pages (11/15) 
 ✓ Generating static pages (15/15)
   Finalizing page optimization ...
   Collecting build traces ...

Route (app)                                       Size     First Load JS
┌ ○ /                                             2.63 kB        98.6 kB
├ ○ /_not-found                                   138 B          87.4 kB
├ ○ /about                                        2.65 kB        98.6 kB
├ ƒ /api/contact                                  0 B                0 B
├ ○ /blog                                         181 B          96.1 kB
├ ● /blog/[slug]                                  181 B          96.1 kB
├   ├ /blog/how-i-built-my-website-while-i-slept
├   ├ /blog/why-halal-investing-is-the-future
├   └ /blog/faith-fitness-focus-my-daily-routine
├ ○ /contact                                      2.28 kB        89.5 kB
├ ○ /robots.txt                                   0 B                0 B
├ ○ /sitemap.xml                                  0 B                0 B
└ ○ /ventures                                     2.47 kB        98.4 kB
+ First Load JS shared by all                     87.3 kB
  ├ chunks/117-baab43fc83142998.js                31.7 kB
  ├ chunks/fd9d1056-87da80e0c187477b.js           53.6 kB
  └ other shared chunks (total)                   1.89 kB


○  (Static)   prerendered as static content
●  (SSG)      prerendered as static HTML (uses getStaticProps)
ƒ  (Dynamic)  server-rendered on demand

✅ Final build: PASSED

🚀 Pushing to origin...
To github.com:emes3ye/emes3ye.git
   7b5c6f0..a00e4e5  main -> main
✅ Push: SUCCESS — Vercel deploy triggered

==========================================
🏁 BUILD RUN COMPLETE
📅 Sat Mar 14 10:54:17 GMT 2026
📁 Done:          10
📁 Active:         0
📁 Backlog:       10
📊 Log:     /Users/shovon/workspace/personal/emes3ye/.tasks/logs/run_2026-03-14_10-53-54.log
==========================================
