==========================================
🚀 Agentic build started
📅 Sat Mar 14 11:08:19 GMT 2026
📂 Project: /Users/shovon/workspace/personal/emes3ye
==========================================

------------------------------------------
📋 Iteration 1 | Active:        1 | Done:       11 | Backlog:        9
🔨 Starting at 11:08:19
You're out of extra usage · resets 1pm (Europe/London)
⏱️  Finished at 11:09:49
😴 Pausing 15s...

------------------------------------------
📋 Iteration 2 | Active:        1 | Done:       11 | Backlog:        9
🔨 Starting at 11:10:04
You're out of extra usage · resets 1pm (Europe/London)
⏱️  Finished at 11:10:11
😴 Pausing 15s...

------------------------------------------
📋 Iteration 3 | Active:        1 | Done:       11 | Backlog:        9
🔨 Starting at 11:10:26
You're out of extra usage · resets 1pm (Europe/London)
⏱️  Finished at 11:10:31
😴 Pausing 15s...

------------------------------------------
📋 Iteration 4 | Active:        1 | Done:       11 | Backlog:        9
🔨 Starting at 11:10:46
You're out of extra usage · resets 1pm (Europe/London)
⏱️  Finished at 11:10:53
😴 Pausing 15s...

------------------------------------------
📋 Iteration 5 | Active:        1 | Done:       11 | Backlog:        9
🔨 Starting at 11:11:08
You're out of extra usage · resets 1pm (Europe/London)
⏱️  Finished at 11:11:13
😴 Pausing 15s...

------------------------------------------
📋 Iteration 6 | Active:        1 | Done:       11 | Backlog:        9
🔨 Starting at 11:11:28
You're out of extra usage · resets 1pm (Europe/London)
⏱️  Finished at 11:11:35
😴 Pausing 15s...

------------------------------------------
📋 Iteration 7 | Active:        1 | Done:       11 | Backlog:        9
🔨 Starting at 11:11:50
You're out of extra usage · resets 1pm (Europe/London)
⏱️  Finished at 11:11:56
😴 Pausing 15s...

------------------------------------------
📋 Iteration 8 | Active:        1 | Done:       11 | Backlog:        9
🔨 Starting at 11:12:11
You're out of extra usage · resets 1pm (Europe/London)
⏱️  Finished at 11:12:16
😴 Pausing 15s...

------------------------------------------
📋 Iteration 9 | Active:        1 | Done:       11 | Backlog:        9
🔨 Starting at 11:12:31
You're out of extra usage · resets 1pm (Europe/London)
⏱️  Finished at 11:12:37
😴 Pausing 15s...

------------------------------------------
📋 Iteration 10 | Active:        1 | Done:       11 | Backlog:        9
🔨 Starting at 11:12:52
You're out of extra usage · resets 1pm (Europe/London)
⏱️  Finished at 11:12:59
😴 Pausing 15s...

------------------------------------------
📋 Iteration 11 | Active:        1 | Done:       11 | Backlog:        9
🔨 Starting at 11:13:14
You're out of extra usage · resets 1pm (Europe/London)
⏱️  Finished at 11:13:20
😴 Pausing 15s...

------------------------------------------
📋 Iteration 12 | Active:        1 | Done:       11 | Backlog:        9
🔨 Starting at 11:13:35
You're out of extra usage · resets 1pm (Europe/London)
⏱️  Finished at 11:13:40
😴 Pausing 15s...

------------------------------------------
📋 Iteration 13 | Active:        1 | Done:       11 | Backlog:        9
🔨 Starting at 11:13:56
You're out of extra usage · resets 1pm (Europe/London)
⏱️  Finished at 11:14:02
😴 Pausing 15s...

------------------------------------------
📋 Iteration 14 | Active:        1 | Done:       11 | Backlog:        9
🔨 Starting at 11:14:17
You're out of extra usage · resets 1pm (Europe/London)
⏱️  Finished at 11:14:22
😴 Pausing 15s...

------------------------------------------
📋 Iteration 15 | Active:        1 | Done:       11 | Backlog:        9
🔨 Starting at 11:14:37
You're out of extra usage · resets 1pm (Europe/London)
⏱️  Finished at 11:14:45
😴 Pausing 15s...

------------------------------------------
📋 Iteration 16 | Active:        1 | Done:       11 | Backlog:        9
🔨 Starting at 11:15:01
You're out of extra usage · resets 1pm (Europe/London)
⏱️  Finished at 11:15:08
😴 Pausing 15s...

------------------------------------------
📋 Iteration 17 | Active:        1 | Done:       11 | Backlog:        9
🔨 Starting at 11:15:23
You're out of extra usage · resets 1pm (Europe/London)
⏱️  Finished at 11:15:29
😴 Pausing 15s...
