==========================================
🚀 Agentic build started
📅 Sat Mar 14 10:58:38 GMT 2026
📂 Project: /Users/shovon/workspace/personal/emes3ye
==========================================

------------------------------------------
📋 Iteration 1 | Active:        1 | Done:       10 | Backlog:        9
🔨 Starting at 10:58:38
Task 011 is complete. Here's a summary:

**Completed: Task 011 — Newsletter Signup Integration**

- Created `components/sections/NewsletterSignup.tsx` — client component with email input, validation, loading state, and success confirmation
- Created `app/api/newsletter/route.ts` — POST handler that uses Resend when `RESEND_API_KEY` is set; gracefully falls back to a log in dev mode (no API key throws at build time if instantiated at module level — fixed by lazy initialization)
- Added `NewsletterSignup` to `app/page.tsx` above the CTA section and to `app/blog/page.tsx` below the header
- Installed `resend` package

**To activate in production**, set these environment variables:
- `RESEND_API_KEY` — your Resend API key
- `RESEND_AUDIENCE_ID` — (optional) Resend audience ID for contact list storage
- `RESEND_FROM_EMAIL` — (optional) sender address, defaults to `hello@emes3ye.com`

**Next task:** No more tasks in `.tasks/active/` — all tasks are complete or the active directory only has the local copy of 011. Check `.tasks/backlog/` for any future work.
⏱️  Finished at 11:04:11
😴 Pausing 15s...

------------------------------------------
📋 Iteration 2 | Active:        1 | Done:       11 | Backlog:       10
🔨 Starting at 11:04:26
All tasks in `.tasks/active/` are complete. Task 011 (Newsletter Signup Integration) was already finished and committed.

**Next pending tasks are in `.tasks/backlog/`:**
- `012` — Calendly Embed
- `013` — OG Image Generation
- `014` — Wire Contact Email
- `015` — Halal Investment Calculator
- `016` — Dark Mode
- ...and more

To work on the next task, promote one from backlog to active using `/promote-task`, then run `/build-next-task` again.
⏱️  Finished at 11:05:22
😴 Pausing 15s...

------------------------------------------
📋 Iteration 3 | Active:        1 | Done:       11 | Backlog:       10
🔨 Starting at 11:05:37
The `active/` directory appears to be a separate mount or has special permissions. Since the file is untracked by git (the active/ directory was never committed), I'll leave that stale file as-is and focus on the task board status.

**Current status:**

- **Active tasks**: None (Task 011 is already completed and in `done/` — the copy in `active/` is a stale artifact)
- **Backlog tasks**: 012–021

**All active tasks are complete.** There are no pending tasks in `.tasks/active/` to work on.

The next tasks available in backlog (in priority order) are:
- `012` — Calendly Embed
- `013` — OG Image Generation
- `014` — Wire Contact Email
- `015` — Halal Investment Calculator
- `016` — Dark Mode

Would you like me to promote one or more of these backlog tasks to `active/` so I can start building?
⏱️  Finished at 11:06:50
😴 Pausing 15s...

------------------------------------------
✅ No more active tasks!
📊 Done:       11 | Backlog:       10

==========================================
🔍 Final build verification...

> emes3ye@0.1.0 build
> next build

  ▲ Next.js 14.2.35

   Creating an optimized production build ...
(node:60764) ExperimentalWarning: CommonJS module /Users/shovon/workspace/personal/emes3ye/node_modules/tailwindcss/lib/lib/load-config.js is loading ES Module /Users/shovon/workspace/personal/emes3ye/tailwind.config.ts using require().
Support for loading ES Module in require() is an experimental feature and might change at any time
(Use `node --trace-warnings ...` to show where the warning was created)
 ✓ Compiled successfully
   Linting and checking validity of types ...
   Collecting page data ...
   Generating static pages (0/16) ...
   Generating static pages (4/16) 
   Generating static pages (8/16) 
   Generating static pages (12/16) 
 ✓ Generating static pages (16/16)
   Finalizing page optimization ...
   Collecting build traces ...

Route (app)                                       Size     First Load JS
┌ ○ /                                             3.51 kB        99.5 kB
├ ○ /_not-found                                   138 B          87.4 kB
├ ○ /about                                        2.65 kB        98.6 kB
├ ƒ /api/contact                                  0 B                0 B
├ ƒ /api/newsletter                               0 B                0 B
├ ○ /blog                                         1.47 kB        97.4 kB
├ ● /blog/[slug]                                  178 B          96.1 kB
├   ├ /blog/how-i-built-my-website-while-i-slept
├   ├ /blog/why-halal-investing-is-the-future
├   └ /blog/faith-fitness-focus-my-daily-routine
├ ○ /contact                                      2.28 kB        89.5 kB
├ ○ /robots.txt                                   0 B                0 B
├ ○ /sitemap.xml                                  0 B                0 B
└ ○ /ventures                                     2.47 kB        98.4 kB
+ First Load JS shared by all                     87.3 kB
  ├ chunks/117-baab43fc83142998.js                31.7 kB
  ├ chunks/fd9d1056-87da80e0c187477b.js           53.6 kB
  └ other shared chunks (total)                   1.89 kB


○  (Static)   prerendered as static content
●  (SSG)      prerendered as static HTML (uses getStaticProps)
ƒ  (Dynamic)  server-rendered on demand

✅ Final build: PASSED

🚀 Pushing to origin...
To github.com:emes3ye/emes3ye.git
   a00e4e5..fabe312  main -> main
✅ Push: SUCCESS — Vercel deploy triggered

==========================================
🏁 BUILD RUN COMPLETE
📅 Sat Mar 14 11:07:30 GMT 2026
📁 Done:          11
📁 Active:         0
📁 Backlog:       10
📊 Log:     /Users/shovon/workspace/personal/emes3ye/.tasks/logs/run_2026-03-14_10-58-38.log
==========================================
