==========================================
🚀 Agentic build started
📅 Sun Mar 15 02:10:20 GMT 2026
📂 Project: /Users/shovon/workspace/personal/emes3ye
==========================================

------------------------------------------
✅ No more active tasks!
📊 Done:       27 | Backlog:        0

==========================================
🔍 Final build verification...

> emes3ye@0.1.0 build
> next build

  ▲ Next.js 14.2.35

   Creating an optimized production build ...
(node:6133) ExperimentalWarning: CommonJS module /Users/shovon/workspace/personal/emes3ye/node_modules/tailwindcss/lib/lib/load-config.js is loading ES Module /Users/shovon/workspace/personal/emes3ye/tailwind.config.ts using require().
Support for loading ES Module in require() is an experimental feature and might change at any time
(Use `node --trace-warnings ...` to show where the warning was created)
 ✓ Compiled successfully
   Linting and checking validity of types ...
   Collecting page data ...
   Generating static pages (0/27) ...
   Generating static pages (6/27) 
   Generating static pages (13/27) 
   Generating static pages (20/27) 
 ✓ Generating static pages (27/27)
   Finalizing page optimization ...
   Collecting build traces ...
❌ Final build: FAILED — skipping push

==========================================
🏁 BUILD RUN COMPLETE
📅 Sun Mar 15 02:10:38 GMT 2026
📁 Done:          27
📁 Active:         0
📁 Backlog:        0
📊 Log:     /Users/shovon/workspace/personal/emes3ye/.tasks/logs/run_2026-03-15_02-10-20.log
==========================================
